2022-04-04 22:20:26  INFOVersion::logVersion::44 - HHH000412: Hibernate ORM core version 5.6.5.Final
2022-04-04 22:20:27  INFOVersion::<clinit>::56 - HCANN000001: Hibernate Commons Annotations {5.1.2.Final}
2022-04-04 22:20:28  WARNpooling::configure::72 - HHH10001002: Using Hibernate built-in connection pool (not for production use!)
2022-04-04 22:20:28  INFOpooling::buildCreator::115 - HHH10001005: using driver [com.mysql.cj.jdbc.Driver] at URL [jdbc:mysql://localhost:3306/productos_profesor_web_phe]
2022-04-04 22:20:28  INFOpooling::buildCreator::124 - HHH10001001: Connection properties: {password=****, user=root}
2022-04-04 22:20:28  INFOpooling::buildCreator::129 - HHH10001003: Autocommit mode: false
2022-04-04 22:20:28  INFODriverManagerConnectionProviderImpl::<init>::274 - HHH000115: Hibernate connection pool size: 20 (min=1)
2022-04-04 22:20:29  INFODialect::<init>::175 - HHH000400: Using dialect: org.hibernate.dialect.MySQL8Dialect
2022-04-04 22:20:30  INFOJtaPlatformInitiator::initiateService::52 - HHH000490: Using JtaPlatform implementation: [org.hibernate.engine.transaction.jta.platform.internal.NoJtaPlatform]
2022-04-04 22:20:30  INFOInserciones::insertarArea::39 - INSERTANDO AREA
2022-04-04 22:20:30  INFOInserciones::insertarArea::39 - INSERTANDO AREA
2022-04-04 22:20:30  INFOInserciones::insertarArea::39 - INSERTANDO AREA
2022-04-04 22:20:30  INFOInserciones::insertarProfesor::97 - INSERTANDO PROFESOR
2022-04-04 22:20:30  INFOInserciones::insertarProfesor::97 - INSERTANDO PROFESOR
2022-04-04 22:20:30  INFOInserciones::insertarProfesor::97 - INSERTANDO PROFESOR
2022-04-04 22:20:31  INFOInserciones::insertarProfesor::97 - INSERTANDO PROFESOR
2022-04-04 22:20:31  INFOInserciones::insertarProfesor::97 - INSERTANDO PROFESOR
2022-04-04 22:20:31  INFOInserciones::insertarProfesor::97 - INSERTANDO PROFESOR
2022-04-04 22:20:31  INFOInserciones::insertarProfesor::97 - INSERTANDO PROFESOR
2022-04-04 22:20:31  INFOInserciones::insertarProfesor::97 - INSERTANDO PROFESOR
2022-04-04 22:20:31  INFOInserciones::insertarProfesor::97 - INSERTANDO PROFESOR
2022-04-04 22:20:31  INFOInserciones::insertarProfesor::97 - INSERTANDO PROFESOR
2022-04-04 22:20:31  INFOInserciones::insertarProyectoInvestigacion::155 - INSERTANDO PROYECTO DE INVESTIGACION
2022-04-04 22:20:31  INFOInserciones::insertarProyectoInvestigacion::155 - INSERTANDO PROYECTO DE INVESTIGACION
2022-04-04 22:20:31  INFOInserciones::insertarProyectoInvestigacion::155 - INSERTANDO PROYECTO DE INVESTIGACION
2022-04-04 22:20:32  INFOInserciones::insertarProfesorProyectoInvestigacion::184 - INSERTANDO PROFESOR DE PROYECTO DE INVESTIGACION
2022-04-04 22:20:32  WARNSqlExceptionHelper::logExceptions::137 - SQL Error: 1406, SQLState: 22001
2022-04-04 22:20:32 ERRORSqlExceptionHelper::logExceptions::142 - Data truncation: Data too long for column 'proyecto_investigacion_id_proyecto_investigacion' at row 1
2022-04-04 22:20:32  INFOAbstractBatchImpl::release::208 - HHH000010: On release of batch it still contained JDBC statements
2022-04-04 22:20:32 ERRORInserciones::insertarProfesorProyectoInvestigacion::190 - ERROR AL INSERTAR PROFESOR DE PROYECTO DE INVESTIGACION
2022-04-04 22:20:32  INFOInserciones::insertarProfesorProyectoInvestigacion::184 - INSERTANDO PROFESOR DE PROYECTO DE INVESTIGACION
2022-04-04 22:20:32  WARNSqlExceptionHelper::logExceptions::137 - SQL Error: 1406, SQLState: 22001
2022-04-04 22:20:32 ERRORSqlExceptionHelper::logExceptions::142 - Data truncation: Data too long for column 'proyecto_investigacion_id_proyecto_investigacion' at row 1
2022-04-04 22:20:32  INFOAbstractBatchImpl::release::208 - HHH000010: On release of batch it still contained JDBC statements
2022-04-04 22:20:32 ERRORInserciones::insertarProfesorProyectoInvestigacion::190 - ERROR AL INSERTAR PROFESOR DE PROYECTO DE INVESTIGACION
2022-04-04 22:20:32  INFOInserciones::insertarProfesorProyectoInvestigacion::184 - INSERTANDO PROFESOR DE PROYECTO DE INVESTIGACION
2022-04-04 22:20:32  WARNSqlExceptionHelper::logExceptions::137 - SQL Error: 1406, SQLState: 22001
2022-04-04 22:20:32 ERRORSqlExceptionHelper::logExceptions::142 - Data truncation: Data too long for column 'proyecto_investigacion_id_proyecto_investigacion' at row 1
2022-04-04 22:20:32  INFOAbstractBatchImpl::release::208 - HHH000010: On release of batch it still contained JDBC statements
2022-04-04 22:20:32 ERRORInserciones::insertarProfesorProyectoInvestigacion::190 - ERROR AL INSERTAR PROFESOR DE PROYECTO DE INVESTIGACION
2022-04-04 22:20:32  INFOpooling::stop::502 - HHH10001008: Cleaning up connection pool [jdbc:mysql://localhost:3306/productos_profesor_web_phe]
2022-04-04 23:10:11  INFOVersion::logVersion::44 - HHH000412: Hibernate ORM core version 5.6.5.Final
2022-04-04 23:10:11  INFOVersion::<clinit>::56 - HCANN000001: Hibernate Commons Annotations {5.1.2.Final}
2022-04-04 23:10:12  WARNpooling::configure::72 - HHH10001002: Using Hibernate built-in connection pool (not for production use!)
2022-04-04 23:10:12  INFOpooling::buildCreator::115 - HHH10001005: using driver [com.mysql.cj.jdbc.Driver] at URL [jdbc:mysql://localhost:3306/productos_profesor_web_phe]
2022-04-04 23:10:12  INFOpooling::buildCreator::124 - HHH10001001: Connection properties: {password=****, user=root}
2022-04-04 23:10:12  INFOpooling::buildCreator::129 - HHH10001003: Autocommit mode: false
2022-04-04 23:10:12  INFODriverManagerConnectionProviderImpl::<init>::274 - HHH000115: Hibernate connection pool size: 20 (min=1)
2022-04-04 23:10:13  INFODialect::<init>::175 - HHH000400: Using dialect: org.hibernate.dialect.MySQL8Dialect
2022-04-04 23:10:14  INFOJtaPlatformInitiator::initiateService::52 - HHH000490: Using JtaPlatform implementation: [org.hibernate.engine.transaction.jta.platform.internal.NoJtaPlatform]
2022-04-04 23:10:14  INFOInserciones::insertarArea::39 - INSERTANDO AREA
2022-04-04 23:10:14  WARNSqlExceptionHelper::logExceptions::137 - SQL Error: 1062, SQLState: 23000
2022-04-04 23:10:14 ERRORSqlExceptionHelper::logExceptions::142 - Duplicate entry 'AREA1' for key 'area.PRIMARY'
2022-04-04 23:10:14  INFOAbstractBatchImpl::release::208 - HHH000010: On release of batch it still contained JDBC statements
2022-04-04 23:10:14 ERRORInserciones::insertarArea::45 - ERROR AL INSERTAR AREA
2022-04-04 23:10:14  INFOInserciones::insertarArea::39 - INSERTANDO AREA
2022-04-04 23:10:14  WARNSqlExceptionHelper::logExceptions::137 - SQL Error: 1062, SQLState: 23000
2022-04-04 23:10:14 ERRORSqlExceptionHelper::logExceptions::142 - Duplicate entry 'AREA2' for key 'area.PRIMARY'
2022-04-04 23:10:14  INFOAbstractBatchImpl::release::208 - HHH000010: On release of batch it still contained JDBC statements
2022-04-04 23:10:14 ERRORInserciones::insertarArea::45 - ERROR AL INSERTAR AREA
2022-04-04 23:10:14  INFOInserciones::insertarArea::39 - INSERTANDO AREA
2022-04-04 23:10:14  WARNSqlExceptionHelper::logExceptions::137 - SQL Error: 1062, SQLState: 23000
2022-04-04 23:10:14 ERRORSqlExceptionHelper::logExceptions::142 - Duplicate entry 'AREA3' for key 'area.PRIMARY'
2022-04-04 23:10:14  INFOAbstractBatchImpl::release::208 - HHH000010: On release of batch it still contained JDBC statements
2022-04-04 23:10:14 ERRORInserciones::insertarArea::45 - ERROR AL INSERTAR AREA
2022-04-04 23:10:14  INFOInserciones::insertarProfesor::97 - INSERTANDO PROFESOR
2022-04-04 23:10:14  WARNSqlExceptionHelper::logExceptions::137 - SQL Error: 1062, SQLState: 23000
2022-04-04 23:10:14 ERRORSqlExceptionHelper::logExceptions::142 - Duplicate entry '1234' for key 'profesor.PRIMARY'
2022-04-04 23:10:14  INFOAbstractBatchImpl::release::208 - HHH000010: On release of batch it still contained JDBC statements
2022-04-04 23:10:14 ERRORInserciones::insertarProfesor::103 - ERROR AL INSERTAR PROFESOR
2022-04-04 23:10:14  INFOInserciones::insertarProfesor::97 - INSERTANDO PROFESOR
2022-04-04 23:10:14  WARNSqlExceptionHelper::logExceptions::137 - SQL Error: 1062, SQLState: 23000
2022-04-04 23:10:14 ERRORSqlExceptionHelper::logExceptions::142 - Duplicate entry '2345' for key 'profesor.PRIMARY'
2022-04-04 23:10:14  INFOAbstractBatchImpl::release::208 - HHH000010: On release of batch it still contained JDBC statements
2022-04-04 23:10:14 ERRORInserciones::insertarProfesor::103 - ERROR AL INSERTAR PROFESOR
2022-04-04 23:10:14  INFOInserciones::insertarProfesor::97 - INSERTANDO PROFESOR
2022-04-04 23:10:14  WARNSqlExceptionHelper::logExceptions::137 - SQL Error: 1062, SQLState: 23000
2022-04-04 23:10:14 ERRORSqlExceptionHelper::logExceptions::142 - Duplicate entry '3456' for key 'profesor.PRIMARY'
2022-04-04 23:10:14  INFOAbstractBatchImpl::release::208 - HHH000010: On release of batch it still contained JDBC statements
2022-04-04 23:10:14 ERRORInserciones::insertarProfesor::103 - ERROR AL INSERTAR PROFESOR
2022-04-04 23:10:14  INFOInserciones::insertarProfesor::97 - INSERTANDO PROFESOR
2022-04-04 23:10:14  WARNSqlExceptionHelper::logExceptions::137 - SQL Error: 1062, SQLState: 23000
2022-04-04 23:10:14 ERRORSqlExceptionHelper::logExceptions::142 - Duplicate entry '4567' for key 'profesor.PRIMARY'
2022-04-04 23:10:14  INFOAbstractBatchImpl::release::208 - HHH000010: On release of batch it still contained JDBC statements
2022-04-04 23:10:14 ERRORInserciones::insertarProfesor::103 - ERROR AL INSERTAR PROFESOR
2022-04-04 23:10:14  INFOInserciones::insertarProfesor::97 - INSERTANDO PROFESOR
2022-04-04 23:10:14  WARNSqlExceptionHelper::logExceptions::137 - SQL Error: 1062, SQLState: 23000
2022-04-04 23:10:14 ERRORSqlExceptionHelper::logExceptions::142 - Duplicate entry '5678' for key 'profesor.PRIMARY'
2022-04-04 23:10:14  INFOAbstractBatchImpl::release::208 - HHH000010: On release of batch it still contained JDBC statements
2022-04-04 23:10:14 ERRORInserciones::insertarProfesor::103 - ERROR AL INSERTAR PROFESOR
2022-04-04 23:10:14  INFOInserciones::insertarProfesor::97 - INSERTANDO PROFESOR
2022-04-04 23:10:14  WARNSqlExceptionHelper::logExceptions::137 - SQL Error: 1062, SQLState: 23000
2022-04-04 23:10:14 ERRORSqlExceptionHelper::logExceptions::142 - Duplicate entry '6789' for key 'profesor.PRIMARY'
2022-04-04 23:10:14  INFOAbstractBatchImpl::release::208 - HHH000010: On release of batch it still contained JDBC statements
2022-04-04 23:10:14 ERRORInserciones::insertarProfesor::103 - ERROR AL INSERTAR PROFESOR
2022-04-04 23:10:14  INFOInserciones::insertarProfesor::97 - INSERTANDO PROFESOR
2022-04-04 23:10:14  WARNSqlExceptionHelper::logExceptions::137 - SQL Error: 1062, SQLState: 23000
2022-04-04 23:10:14 ERRORSqlExceptionHelper::logExceptions::142 - Duplicate entry '7890' for key 'profesor.PRIMARY'
2022-04-04 23:10:14  INFOAbstractBatchImpl::release::208 - HHH000010: On release of batch it still contained JDBC statements
2022-04-04 23:10:14 ERRORInserciones::insertarProfesor::103 - ERROR AL INSERTAR PROFESOR
2022-04-04 23:10:14  INFOInserciones::insertarProfesor::97 - INSERTANDO PROFESOR
2022-04-04 23:10:14  WARNSqlExceptionHelper::logExceptions::137 - SQL Error: 1062, SQLState: 23000
2022-04-04 23:10:14 ERRORSqlExceptionHelper::logExceptions::142 - Duplicate entry '8901' for key 'profesor.PRIMARY'
2022-04-04 23:10:14  INFOAbstractBatchImpl::release::208 - HHH000010: On release of batch it still contained JDBC statements
2022-04-04 23:10:14 ERRORInserciones::insertarProfesor::103 - ERROR AL INSERTAR PROFESOR
2022-04-04 23:10:14  INFOInserciones::insertarProfesor::97 - INSERTANDO PROFESOR
2022-04-04 23:10:14  WARNSqlExceptionHelper::logExceptions::137 - SQL Error: 1062, SQLState: 23000
2022-04-04 23:10:14 ERRORSqlExceptionHelper::logExceptions::142 - Duplicate entry '9012' for key 'profesor.PRIMARY'
2022-04-04 23:10:14  INFOAbstractBatchImpl::release::208 - HHH000010: On release of batch it still contained JDBC statements
2022-04-04 23:10:14 ERRORInserciones::insertarProfesor::103 - ERROR AL INSERTAR PROFESOR
2022-04-04 23:10:14  INFOInserciones::insertarProfesor::97 - INSERTANDO PROFESOR
2022-04-04 23:10:14  WARNSqlExceptionHelper::logExceptions::137 - SQL Error: 1062, SQLState: 23000
2022-04-04 23:10:14 ERRORSqlExceptionHelper::logExceptions::142 - Duplicate entry '0123' for key 'profesor.PRIMARY'
2022-04-04 23:10:14  INFOAbstractBatchImpl::release::208 - HHH000010: On release of batch it still contained JDBC statements
2022-04-04 23:10:14 ERRORInserciones::insertarProfesor::103 - ERROR AL INSERTAR PROFESOR
2022-04-04 23:10:14  INFOInserciones::insertarProyectoInvestigacion::155 - INSERTANDO PROYECTO DE INVESTIGACION
2022-04-04 23:10:14  WARNSqlExceptionHelper::logExceptions::137 - SQL Error: 1062, SQLState: 23000
2022-04-04 23:10:14 ERRORSqlExceptionHelper::logExceptions::142 - Duplicate entry 'PROY1' for key 'proyecto_investigacion.PRIMARY'
2022-04-04 23:10:14  INFOAbstractBatchImpl::release::208 - HHH000010: On release of batch it still contained JDBC statements
2022-04-04 23:10:14 ERRORInserciones::insertarProyectoInvestigacion::161 - ERROR AL INSERTAR PROYECTO DE INVESTIGACION
2022-04-04 23:10:14  INFOInserciones::insertarProyectoInvestigacion::155 - INSERTANDO PROYECTO DE INVESTIGACION
2022-04-04 23:10:14  WARNSqlExceptionHelper::logExceptions::137 - SQL Error: 1062, SQLState: 23000
2022-04-04 23:10:14 ERRORSqlExceptionHelper::logExceptions::142 - Duplicate entry 'PROY2' for key 'proyecto_investigacion.PRIMARY'
2022-04-04 23:10:14  INFOAbstractBatchImpl::release::208 - HHH000010: On release of batch it still contained JDBC statements
2022-04-04 23:10:14 ERRORInserciones::insertarProyectoInvestigacion::161 - ERROR AL INSERTAR PROYECTO DE INVESTIGACION
2022-04-04 23:10:14  INFOInserciones::insertarProyectoInvestigacion::155 - INSERTANDO PROYECTO DE INVESTIGACION
2022-04-04 23:10:14  WARNSqlExceptionHelper::logExceptions::137 - SQL Error: 1062, SQLState: 23000
2022-04-04 23:10:14 ERRORSqlExceptionHelper::logExceptions::142 - Duplicate entry 'PROY3' for key 'proyecto_investigacion.PRIMARY'
2022-04-04 23:10:14  INFOAbstractBatchImpl::release::208 - HHH000010: On release of batch it still contained JDBC statements
2022-04-04 23:10:14 ERRORInserciones::insertarProyectoInvestigacion::161 - ERROR AL INSERTAR PROYECTO DE INVESTIGACION
2022-04-04 23:10:14  INFOInserciones::insertarProfesorProyectoInvestigacion::184 - INSERTANDO PROFESOR DE PROYECTO DE INVESTIGACION
2022-04-04 23:10:14  WARNSqlExceptionHelper::logExceptions::137 - SQL Error: 1406, SQLState: 22001
2022-04-04 23:10:14 ERRORSqlExceptionHelper::logExceptions::142 - Data truncation: Data too long for column 'proyecto_investigacion_id_proyecto_investigacion' at row 1
2022-04-04 23:10:14  INFOAbstractBatchImpl::release::208 - HHH000010: On release of batch it still contained JDBC statements
2022-04-04 23:10:14 ERRORInserciones::insertarProfesorProyectoInvestigacion::190 - ERROR AL INSERTAR PROFESOR DE PROYECTO DE INVESTIGACION
2022-04-04 23:10:14  INFOInserciones::insertarProfesorProyectoInvestigacion::184 - INSERTANDO PROFESOR DE PROYECTO DE INVESTIGACION
2022-04-04 23:10:14  WARNSqlExceptionHelper::logExceptions::137 - SQL Error: 1406, SQLState: 22001
2022-04-04 23:10:14 ERRORSqlExceptionHelper::logExceptions::142 - Data truncation: Data too long for column 'proyecto_investigacion_id_proyecto_investigacion' at row 1
2022-04-04 23:10:14  INFOAbstractBatchImpl::release::208 - HHH000010: On release of batch it still contained JDBC statements
2022-04-04 23:10:14 ERRORInserciones::insertarProfesorProyectoInvestigacion::190 - ERROR AL INSERTAR PROFESOR DE PROYECTO DE INVESTIGACION
2022-04-04 23:10:14  INFOInserciones::insertarProfesorProyectoInvestigacion::184 - INSERTANDO PROFESOR DE PROYECTO DE INVESTIGACION
2022-04-04 23:10:14  WARNSqlExceptionHelper::logExceptions::137 - SQL Error: 1406, SQLState: 22001
2022-04-04 23:10:14 ERRORSqlExceptionHelper::logExceptions::142 - Data truncation: Data too long for column 'proyecto_investigacion_id_proyecto_investigacion' at row 1
2022-04-04 23:10:14  INFOAbstractBatchImpl::release::208 - HHH000010: On release of batch it still contained JDBC statements
2022-04-04 23:10:14 ERRORInserciones::insertarProfesorProyectoInvestigacion::190 - ERROR AL INSERTAR PROFESOR DE PROYECTO DE INVESTIGACION
2022-04-04 23:10:14  INFOpooling::stop::502 - HHH10001008: Cleaning up connection pool [jdbc:mysql://localhost:3306/productos_profesor_web_phe]
2022-04-05 00:04:50  INFOVersion::logVersion::44 - HHH000412: Hibernate ORM core version 5.6.5.Final
2022-04-05 00:04:51  INFOVersion::<clinit>::56 - HCANN000001: Hibernate Commons Annotations {5.1.2.Final}
2022-04-05 00:04:52  WARNpooling::configure::72 - HHH10001002: Using Hibernate built-in connection pool (not for production use!)
2022-04-05 00:04:52  INFOpooling::buildCreator::115 - HHH10001005: using driver [com.mysql.cj.jdbc.Driver] at URL [jdbc:mysql://localhost:3306/productos_profesor_web_phe]
2022-04-05 00:04:52  INFOpooling::buildCreator::124 - HHH10001001: Connection properties: {password=****, user=root}
2022-04-05 00:04:52  INFOpooling::buildCreator::129 - HHH10001003: Autocommit mode: false
2022-04-05 00:04:52  INFODriverManagerConnectionProviderImpl::<init>::274 - HHH000115: Hibernate connection pool size: 20 (min=1)
2022-04-05 00:04:54  INFODialect::<init>::175 - HHH000400: Using dialect: org.hibernate.dialect.MySQL8Dialect
2022-04-05 00:04:55  INFOJtaPlatformInitiator::initiateService::52 - HHH000490: Using JtaPlatform implementation: [org.hibernate.engine.transaction.jta.platform.internal.NoJtaPlatform]
2022-04-05 00:04:55  INFOInserciones::insertarArea::39 - INSERTANDO AREA
2022-04-05 00:04:55  WARNSqlExceptionHelper::logExceptions::137 - SQL Error: 1062, SQLState: 23000
2022-04-05 00:04:55 ERRORSqlExceptionHelper::logExceptions::142 - Duplicate entry 'AREA1' for key 'area.PRIMARY'
2022-04-05 00:04:55  INFOAbstractBatchImpl::release::208 - HHH000010: On release of batch it still contained JDBC statements
2022-04-05 00:04:55 ERRORInserciones::insertarArea::45 - ERROR AL INSERTAR AREA
2022-04-05 00:04:55  INFOInserciones::insertarArea::39 - INSERTANDO AREA
2022-04-05 00:04:55  WARNSqlExceptionHelper::logExceptions::137 - SQL Error: 1062, SQLState: 23000
2022-04-05 00:04:55 ERRORSqlExceptionHelper::logExceptions::142 - Duplicate entry 'AREA2' for key 'area.PRIMARY'
2022-04-05 00:04:55  INFOAbstractBatchImpl::release::208 - HHH000010: On release of batch it still contained JDBC statements
2022-04-05 00:04:55 ERRORInserciones::insertarArea::45 - ERROR AL INSERTAR AREA
2022-04-05 00:04:55  INFOInserciones::insertarArea::39 - INSERTANDO AREA
2022-04-05 00:04:55  WARNSqlExceptionHelper::logExceptions::137 - SQL Error: 1062, SQLState: 23000
2022-04-05 00:04:55 ERRORSqlExceptionHelper::logExceptions::142 - Duplicate entry 'AREA3' for key 'area.PRIMARY'
2022-04-05 00:04:55  INFOAbstractBatchImpl::release::208 - HHH000010: On release of batch it still contained JDBC statements
2022-04-05 00:04:55 ERRORInserciones::insertarArea::45 - ERROR AL INSERTAR AREA
2022-04-05 00:04:55  INFOInserciones::insertarProfesor::97 - INSERTANDO PROFESOR
2022-04-05 00:04:55  WARNSqlExceptionHelper::logExceptions::137 - SQL Error: 1062, SQLState: 23000
2022-04-05 00:04:55 ERRORSqlExceptionHelper::logExceptions::142 - Duplicate entry '1234' for key 'profesor.PRIMARY'
2022-04-05 00:04:55  INFOAbstractBatchImpl::release::208 - HHH000010: On release of batch it still contained JDBC statements
2022-04-05 00:04:55 ERRORInserciones::insertarProfesor::103 - ERROR AL INSERTAR PROFESOR
2022-04-05 00:04:55  INFOInserciones::insertarProfesor::97 - INSERTANDO PROFESOR
2022-04-05 00:04:55  WARNSqlExceptionHelper::logExceptions::137 - SQL Error: 1062, SQLState: 23000
2022-04-05 00:04:55 ERRORSqlExceptionHelper::logExceptions::142 - Duplicate entry '2345' for key 'profesor.PRIMARY'
2022-04-05 00:04:55  INFOAbstractBatchImpl::release::208 - HHH000010: On release of batch it still contained JDBC statements
2022-04-05 00:04:55 ERRORInserciones::insertarProfesor::103 - ERROR AL INSERTAR PROFESOR
2022-04-05 00:04:55  INFOInserciones::insertarProfesor::97 - INSERTANDO PROFESOR
2022-04-05 00:04:55  WARNSqlExceptionHelper::logExceptions::137 - SQL Error: 1062, SQLState: 23000
2022-04-05 00:04:55 ERRORSqlExceptionHelper::logExceptions::142 - Duplicate entry '3456' for key 'profesor.PRIMARY'
2022-04-05 00:04:55  INFOAbstractBatchImpl::release::208 - HHH000010: On release of batch it still contained JDBC statements
2022-04-05 00:04:55 ERRORInserciones::insertarProfesor::103 - ERROR AL INSERTAR PROFESOR
2022-04-05 00:04:55  INFOInserciones::insertarProfesor::97 - INSERTANDO PROFESOR
2022-04-05 00:04:55  WARNSqlExceptionHelper::logExceptions::137 - SQL Error: 1062, SQLState: 23000
2022-04-05 00:04:55 ERRORSqlExceptionHelper::logExceptions::142 - Duplicate entry '4567' for key 'profesor.PRIMARY'
2022-04-05 00:04:55  INFOAbstractBatchImpl::release::208 - HHH000010: On release of batch it still contained JDBC statements
2022-04-05 00:04:55 ERRORInserciones::insertarProfesor::103 - ERROR AL INSERTAR PROFESOR
2022-04-05 00:04:55  INFOInserciones::insertarProfesor::97 - INSERTANDO PROFESOR
2022-04-05 00:04:55  WARNSqlExceptionHelper::logExceptions::137 - SQL Error: 1062, SQLState: 23000
2022-04-05 00:04:55 ERRORSqlExceptionHelper::logExceptions::142 - Duplicate entry '5678' for key 'profesor.PRIMARY'
2022-04-05 00:04:55  INFOAbstractBatchImpl::release::208 - HHH000010: On release of batch it still contained JDBC statements
2022-04-05 00:04:55 ERRORInserciones::insertarProfesor::103 - ERROR AL INSERTAR PROFESOR
2022-04-05 00:04:55  INFOInserciones::insertarProfesor::97 - INSERTANDO PROFESOR
2022-04-05 00:04:55  WARNSqlExceptionHelper::logExceptions::137 - SQL Error: 1062, SQLState: 23000
2022-04-05 00:04:55 ERRORSqlExceptionHelper::logExceptions::142 - Duplicate entry '6789' for key 'profesor.PRIMARY'
2022-04-05 00:04:55  INFOAbstractBatchImpl::release::208 - HHH000010: On release of batch it still contained JDBC statements
2022-04-05 00:04:55 ERRORInserciones::insertarProfesor::103 - ERROR AL INSERTAR PROFESOR
2022-04-05 00:04:55  INFOInserciones::insertarProfesor::97 - INSERTANDO PROFESOR
2022-04-05 00:04:55  WARNSqlExceptionHelper::logExceptions::137 - SQL Error: 1062, SQLState: 23000
2022-04-05 00:04:55 ERRORSqlExceptionHelper::logExceptions::142 - Duplicate entry '7890' for key 'profesor.PRIMARY'
2022-04-05 00:04:55  INFOAbstractBatchImpl::release::208 - HHH000010: On release of batch it still contained JDBC statements
2022-04-05 00:04:55 ERRORInserciones::insertarProfesor::103 - ERROR AL INSERTAR PROFESOR
2022-04-05 00:04:55  INFOInserciones::insertarProfesor::97 - INSERTANDO PROFESOR
2022-04-05 00:04:55  WARNSqlExceptionHelper::logExceptions::137 - SQL Error: 1062, SQLState: 23000
2022-04-05 00:04:55 ERRORSqlExceptionHelper::logExceptions::142 - Duplicate entry '8901' for key 'profesor.PRIMARY'
2022-04-05 00:04:55  INFOAbstractBatchImpl::release::208 - HHH000010: On release of batch it still contained JDBC statements
2022-04-05 00:04:55 ERRORInserciones::insertarProfesor::103 - ERROR AL INSERTAR PROFESOR
2022-04-05 00:04:55  INFOInserciones::insertarProfesor::97 - INSERTANDO PROFESOR
2022-04-05 00:04:55  WARNSqlExceptionHelper::logExceptions::137 - SQL Error: 1062, SQLState: 23000
2022-04-05 00:04:55 ERRORSqlExceptionHelper::logExceptions::142 - Duplicate entry '9012' for key 'profesor.PRIMARY'
2022-04-05 00:04:55  INFOAbstractBatchImpl::release::208 - HHH000010: On release of batch it still contained JDBC statements
2022-04-05 00:04:55 ERRORInserciones::insertarProfesor::103 - ERROR AL INSERTAR PROFESOR
2022-04-05 00:04:55  INFOInserciones::insertarProfesor::97 - INSERTANDO PROFESOR
2022-04-05 00:04:55  WARNSqlExceptionHelper::logExceptions::137 - SQL Error: 1062, SQLState: 23000
2022-04-05 00:04:55 ERRORSqlExceptionHelper::logExceptions::142 - Duplicate entry '0123' for key 'profesor.PRIMARY'
2022-04-05 00:04:55  INFOAbstractBatchImpl::release::208 - HHH000010: On release of batch it still contained JDBC statements
2022-04-05 00:04:55 ERRORInserciones::insertarProfesor::103 - ERROR AL INSERTAR PROFESOR
2022-04-05 00:04:55  INFOInserciones::insertarProyectoInvestigacion::155 - INSERTANDO PROYECTO DE INVESTIGACION
2022-04-05 00:04:55  WARNSqlExceptionHelper::logExceptions::137 - SQL Error: 1062, SQLState: 23000
2022-04-05 00:04:55 ERRORSqlExceptionHelper::logExceptions::142 - Duplicate entry 'PROY1' for key 'proyecto_investigacion.PRIMARY'
2022-04-05 00:04:55  INFOAbstractBatchImpl::release::208 - HHH000010: On release of batch it still contained JDBC statements
2022-04-05 00:04:55 ERRORInserciones::insertarProyectoInvestigacion::161 - ERROR AL INSERTAR PROYECTO DE INVESTIGACION
2022-04-05 00:04:55  INFOInserciones::insertarProyectoInvestigacion::155 - INSERTANDO PROYECTO DE INVESTIGACION
2022-04-05 00:04:55  WARNSqlExceptionHelper::logExceptions::137 - SQL Error: 1062, SQLState: 23000
2022-04-05 00:04:55 ERRORSqlExceptionHelper::logExceptions::142 - Duplicate entry 'PROY2' for key 'proyecto_investigacion.PRIMARY'
2022-04-05 00:04:55  INFOAbstractBatchImpl::release::208 - HHH000010: On release of batch it still contained JDBC statements
2022-04-05 00:04:55 ERRORInserciones::insertarProyectoInvestigacion::161 - ERROR AL INSERTAR PROYECTO DE INVESTIGACION
2022-04-05 00:04:55  INFOInserciones::insertarProyectoInvestigacion::155 - INSERTANDO PROYECTO DE INVESTIGACION
2022-04-05 00:04:55  WARNSqlExceptionHelper::logExceptions::137 - SQL Error: 1062, SQLState: 23000
2022-04-05 00:04:55 ERRORSqlExceptionHelper::logExceptions::142 - Duplicate entry 'PROY3' for key 'proyecto_investigacion.PRIMARY'
2022-04-05 00:04:55  INFOAbstractBatchImpl::release::208 - HHH000010: On release of batch it still contained JDBC statements
2022-04-05 00:04:55 ERRORInserciones::insertarProyectoInvestigacion::161 - ERROR AL INSERTAR PROYECTO DE INVESTIGACION
2022-04-05 00:04:55  INFOInserciones::insertarProfesorProyectoInvestigacion::184 - INSERTANDO PROFESOR DE PROYECTO DE INVESTIGACION
2022-04-05 00:04:55  WARNSqlExceptionHelper::logExceptions::137 - SQL Error: 1406, SQLState: 22001
2022-04-05 00:04:55 ERRORSqlExceptionHelper::logExceptions::142 - Data truncation: Data too long for column 'proyecto_investigacion_id_proyecto_investigacion' at row 1
2022-04-05 00:04:55  INFOAbstractBatchImpl::release::208 - HHH000010: On release of batch it still contained JDBC statements
2022-04-05 00:04:55 ERRORInserciones::insertarProfesorProyectoInvestigacion::190 - ERROR AL INSERTAR PROFESOR DE PROYECTO DE INVESTIGACION
2022-04-05 00:04:55  INFOInserciones::insertarProfesorProyectoInvestigacion::184 - INSERTANDO PROFESOR DE PROYECTO DE INVESTIGACION
2022-04-05 00:04:55  WARNSqlExceptionHelper::logExceptions::137 - SQL Error: 1406, SQLState: 22001
2022-04-05 00:04:55 ERRORSqlExceptionHelper::logExceptions::142 - Data truncation: Data too long for column 'proyecto_investigacion_id_proyecto_investigacion' at row 1
2022-04-05 00:04:55  INFOAbstractBatchImpl::release::208 - HHH000010: On release of batch it still contained JDBC statements
2022-04-05 00:04:55 ERRORInserciones::insertarProfesorProyectoInvestigacion::190 - ERROR AL INSERTAR PROFESOR DE PROYECTO DE INVESTIGACION
2022-04-05 00:04:55  INFOInserciones::insertarProfesorProyectoInvestigacion::184 - INSERTANDO PROFESOR DE PROYECTO DE INVESTIGACION
2022-04-05 00:04:55  WARNSqlExceptionHelper::logExceptions::137 - SQL Error: 1406, SQLState: 22001
2022-04-05 00:04:55 ERRORSqlExceptionHelper::logExceptions::142 - Data truncation: Data too long for column 'proyecto_investigacion_id_proyecto_investigacion' at row 1
2022-04-05 00:04:55  INFOAbstractBatchImpl::release::208 - HHH000010: On release of batch it still contained JDBC statements
2022-04-05 00:04:55 ERRORInserciones::insertarProfesorProyectoInvestigacion::190 - ERROR AL INSERTAR PROFESOR DE PROYECTO DE INVESTIGACION
2022-04-05 00:04:55  INFOpooling::stop::502 - HHH10001008: Cleaning up connection pool [jdbc:mysql://localhost:3306/productos_profesor_web_phe]
2022-04-05 00:08:39  INFOVersion::logVersion::44 - HHH000412: Hibernate ORM core version 5.6.5.Final
2022-04-05 00:08:40  INFOVersion::<clinit>::56 - HCANN000001: Hibernate Commons Annotations {5.1.2.Final}
2022-04-05 00:08:41  WARNpooling::configure::72 - HHH10001002: Using Hibernate built-in connection pool (not for production use!)
2022-04-05 00:08:41  INFOpooling::buildCreator::115 - HHH10001005: using driver [com.mysql.cj.jdbc.Driver] at URL [jdbc:mysql://localhost:3306/productos_profesor_web_phe]
2022-04-05 00:08:41  INFOpooling::buildCreator::124 - HHH10001001: Connection properties: {password=****, user=root}
2022-04-05 00:08:41  INFOpooling::buildCreator::129 - HHH10001003: Autocommit mode: false
2022-04-05 00:08:41  INFODriverManagerConnectionProviderImpl::<init>::274 - HHH000115: Hibernate connection pool size: 20 (min=1)
2022-04-05 00:08:41  INFODialect::<init>::175 - HHH000400: Using dialect: org.hibernate.dialect.MySQL8Dialect
2022-04-05 00:08:42  INFOJtaPlatformInitiator::initiateService::52 - HHH000490: Using JtaPlatform implementation: [org.hibernate.engine.transaction.jta.platform.internal.NoJtaPlatform]
2022-04-05 00:08:42  INFOInserciones::insertarArea::39 - INSERTANDO AREA
2022-04-05 00:08:44  INFOInserciones::insertarArea::39 - INSERTANDO AREA
2022-04-05 00:08:44  INFOInserciones::insertarArea::39 - INSERTANDO AREA
2022-04-05 00:08:44  INFOInserciones::insertarProfesor::97 - INSERTANDO PROFESOR
2022-04-05 00:08:45  INFOInserciones::insertarProfesor::97 - INSERTANDO PROFESOR
2022-04-05 00:08:45  INFOInserciones::insertarProfesor::97 - INSERTANDO PROFESOR
2022-04-05 00:08:45  INFOInserciones::insertarProfesor::97 - INSERTANDO PROFESOR
2022-04-05 00:08:45  INFOInserciones::insertarProfesor::97 - INSERTANDO PROFESOR
2022-04-05 00:08:45  INFOInserciones::insertarProfesor::97 - INSERTANDO PROFESOR
2022-04-05 00:08:45  INFOInserciones::insertarProfesor::97 - INSERTANDO PROFESOR
2022-04-05 00:08:46  INFOInserciones::insertarProfesor::97 - INSERTANDO PROFESOR
2022-04-05 00:08:46  INFOInserciones::insertarProfesor::97 - INSERTANDO PROFESOR
2022-04-05 00:08:46  INFOInserciones::insertarProfesor::97 - INSERTANDO PROFESOR
2022-04-05 00:08:46  INFOInserciones::insertarProyectoInvestigacion::155 - INSERTANDO PROYECTO DE INVESTIGACION
2022-04-05 00:08:46  INFOInserciones::insertarProyectoInvestigacion::155 - INSERTANDO PROYECTO DE INVESTIGACION
2022-04-05 00:08:46  INFOInserciones::insertarProyectoInvestigacion::155 - INSERTANDO PROYECTO DE INVESTIGACION
2022-04-05 00:08:47  INFOInserciones::insertarProfesorProyectoInvestigacion::184 - INSERTANDO PROFESOR DE PROYECTO DE INVESTIGACION
2022-04-05 00:08:47  INFOInserciones::insertarProfesorProyectoInvestigacion::184 - INSERTANDO PROFESOR DE PROYECTO DE INVESTIGACION
2022-04-05 00:08:47  INFOInserciones::insertarProfesorProyectoInvestigacion::184 - INSERTANDO PROFESOR DE PROYECTO DE INVESTIGACION
2022-04-05 00:08:47  INFOInserciones::insertarProfesorProyectoInvestigacion::184 - INSERTANDO PROFESOR DE PROYECTO DE INVESTIGACION
2022-04-05 00:08:47  INFOInserciones::insertarProfesorProyectoInvestigacion::184 - INSERTANDO PROFESOR DE PROYECTO DE INVESTIGACION
2022-04-05 00:08:48  INFOInserciones::insertarProfesorProyectoInvestigacion::184 - INSERTANDO PROFESOR DE PROYECTO DE INVESTIGACION
2022-04-05 00:08:48  INFOInserciones::insertarProfesorProyectoInvestigacion::184 - INSERTANDO PROFESOR DE PROYECTO DE INVESTIGACION
2022-04-05 00:08:48  INFOInserciones::insertarProfesorProyectoInvestigacion::184 - INSERTANDO PROFESOR DE PROYECTO DE INVESTIGACION
2022-04-05 00:08:48  INFOInserciones::insertarProfesorProyectoInvestigacion::184 - INSERTANDO PROFESOR DE PROYECTO DE INVESTIGACION
2022-04-05 00:08:48  INFOInserciones::insertarProfesorProyectoInvestigacion::184 - INSERTANDO PROFESOR DE PROYECTO DE INVESTIGACION
2022-04-05 00:08:49  INFOInserciones::insertarProfesorProyectoInvestigacion::184 - INSERTANDO PROFESOR DE PROYECTO DE INVESTIGACION
2022-04-05 00:08:49  INFOInserciones::insertarProfesorProyectoInvestigacion::184 - INSERTANDO PROFESOR DE PROYECTO DE INVESTIGACION
2022-04-05 00:08:49  INFOInserciones::insertarProfesorProyectoInvestigacion::184 - INSERTANDO PROFESOR DE PROYECTO DE INVESTIGACION
2022-04-05 00:08:49  INFOInserciones::insertarProfesorProyectoInvestigacion::184 - INSERTANDO PROFESOR DE PROYECTO DE INVESTIGACION
2022-04-05 00:08:49  INFOInserciones::insertarProfesorProyectoInvestigacion::184 - INSERTANDO PROFESOR DE PROYECTO DE INVESTIGACION
2022-04-05 00:08:49  INFOInserciones::insertarProfesorProyectoInvestigacion::184 - INSERTANDO PROFESOR DE PROYECTO DE INVESTIGACION
2022-04-05 00:08:50  INFOInserciones::insertarProfesorProyectoInvestigacion::184 - INSERTANDO PROFESOR DE PROYECTO DE INVESTIGACION
2022-04-05 00:08:50  INFOInserciones::insertarProfesorProyectoInvestigacion::184 - INSERTANDO PROFESOR DE PROYECTO DE INVESTIGACION
2022-04-05 00:08:50  INFOInserciones::insertarProfesorProyectoInvestigacion::184 - INSERTANDO PROFESOR DE PROYECTO DE INVESTIGACION
2022-04-05 00:08:50  INFOInserciones::insertarProfesorProyectoInvestigacion::184 - INSERTANDO PROFESOR DE PROYECTO DE INVESTIGACION
2022-04-05 00:08:50  INFOpooling::stop::502 - HHH10001008: Cleaning up connection pool [jdbc:mysql://localhost:3306/productos_profesor_web_phe]
2022-04-05 00:12:50  INFOVersion::logVersion::44 - HHH000412: Hibernate ORM core version 5.6.5.Final
2022-04-05 00:12:51  INFOVersion::<clinit>::56 - HCANN000001: Hibernate Commons Annotations {5.1.2.Final}
2022-04-05 00:12:52  WARNpooling::configure::72 - HHH10001002: Using Hibernate built-in connection pool (not for production use!)
2022-04-05 00:12:52  INFOpooling::buildCreator::115 - HHH10001005: using driver [com.mysql.cj.jdbc.Driver] at URL [jdbc:mysql://localhost:3306/productos_profesor_web_phe]
2022-04-05 00:12:52  INFOpooling::buildCreator::124 - HHH10001001: Connection properties: {password=****, user=root}
2022-04-05 00:12:52  INFOpooling::buildCreator::129 - HHH10001003: Autocommit mode: false
2022-04-05 00:12:52  INFODriverManagerConnectionProviderImpl::<init>::274 - HHH000115: Hibernate connection pool size: 20 (min=1)
2022-04-05 00:12:52  INFODialect::<init>::175 - HHH000400: Using dialect: org.hibernate.dialect.MySQL8Dialect
2022-04-05 00:12:53  INFOJtaPlatformInitiator::initiateService::52 - HHH000490: Using JtaPlatform implementation: [org.hibernate.engine.transaction.jta.platform.internal.NoJtaPlatform]
2022-04-05 00:12:53  INFOInserciones::insertarArea::39 - INSERTANDO AREA
2022-04-05 00:12:53  WARNSqlExceptionHelper::logExceptions::137 - SQL Error: 1062, SQLState: 23000
2022-04-05 00:12:53 ERRORSqlExceptionHelper::logExceptions::142 - Duplicate entry 'AREA1' for key 'area.PRIMARY'
2022-04-05 00:12:53  INFOAbstractBatchImpl::release::208 - HHH000010: On release of batch it still contained JDBC statements
2022-04-05 00:12:53 ERRORInserciones::insertarArea::45 - ERROR AL INSERTAR AREA
2022-04-05 00:12:53  INFOInserciones::insertarArea::39 - INSERTANDO AREA
2022-04-05 00:12:53  WARNSqlExceptionHelper::logExceptions::137 - SQL Error: 1062, SQLState: 23000
2022-04-05 00:12:53 ERRORSqlExceptionHelper::logExceptions::142 - Duplicate entry 'AREA2' for key 'area.PRIMARY'
2022-04-05 00:12:53  INFOAbstractBatchImpl::release::208 - HHH000010: On release of batch it still contained JDBC statements
2022-04-05 00:12:53 ERRORInserciones::insertarArea::45 - ERROR AL INSERTAR AREA
2022-04-05 00:12:53  INFOInserciones::insertarArea::39 - INSERTANDO AREA
2022-04-05 00:12:53  WARNSqlExceptionHelper::logExceptions::137 - SQL Error: 1062, SQLState: 23000
2022-04-05 00:12:53 ERRORSqlExceptionHelper::logExceptions::142 - Duplicate entry 'AREA3' for key 'area.PRIMARY'
2022-04-05 00:12:53  INFOAbstractBatchImpl::release::208 - HHH000010: On release of batch it still contained JDBC statements
2022-04-05 00:12:53 ERRORInserciones::insertarArea::45 - ERROR AL INSERTAR AREA
2022-04-05 00:12:53  INFOInserciones::insertarProfesor::97 - INSERTANDO PROFESOR
2022-04-05 00:12:53  WARNSqlExceptionHelper::logExceptions::137 - SQL Error: 1062, SQLState: 23000
2022-04-05 00:12:53 ERRORSqlExceptionHelper::logExceptions::142 - Duplicate entry '1234' for key 'profesor.PRIMARY'
2022-04-05 00:12:53  INFOAbstractBatchImpl::release::208 - HHH000010: On release of batch it still contained JDBC statements
2022-04-05 00:12:53 ERRORInserciones::insertarProfesor::103 - ERROR AL INSERTAR PROFESOR
2022-04-05 00:12:53  INFOInserciones::insertarProfesor::97 - INSERTANDO PROFESOR
2022-04-05 00:12:53  WARNSqlExceptionHelper::logExceptions::137 - SQL Error: 1062, SQLState: 23000
2022-04-05 00:12:53 ERRORSqlExceptionHelper::logExceptions::142 - Duplicate entry '2345' for key 'profesor.PRIMARY'
2022-04-05 00:12:53  INFOAbstractBatchImpl::release::208 - HHH000010: On release of batch it still contained JDBC statements
2022-04-05 00:12:53 ERRORInserciones::insertarProfesor::103 - ERROR AL INSERTAR PROFESOR
2022-04-05 00:12:53  INFOInserciones::insertarProfesor::97 - INSERTANDO PROFESOR
2022-04-05 00:12:53  WARNSqlExceptionHelper::logExceptions::137 - SQL Error: 1062, SQLState: 23000
2022-04-05 00:12:53 ERRORSqlExceptionHelper::logExceptions::142 - Duplicate entry '3456' for key 'profesor.PRIMARY'
2022-04-05 00:12:53  INFOAbstractBatchImpl::release::208 - HHH000010: On release of batch it still contained JDBC statements
2022-04-05 00:12:53 ERRORInserciones::insertarProfesor::103 - ERROR AL INSERTAR PROFESOR
2022-04-05 00:12:53  INFOInserciones::insertarProfesor::97 - INSERTANDO PROFESOR
2022-04-05 00:12:53  WARNSqlExceptionHelper::logExceptions::137 - SQL Error: 1062, SQLState: 23000
2022-04-05 00:12:53 ERRORSqlExceptionHelper::logExceptions::142 - Duplicate entry '4567' for key 'profesor.PRIMARY'
2022-04-05 00:12:53  INFOAbstractBatchImpl::release::208 - HHH000010: On release of batch it still contained JDBC statements
2022-04-05 00:12:53 ERRORInserciones::insertarProfesor::103 - ERROR AL INSERTAR PROFESOR
2022-04-05 00:12:53  INFOInserciones::insertarProfesor::97 - INSERTANDO PROFESOR
2022-04-05 00:12:53  WARNSqlExceptionHelper::logExceptions::137 - SQL Error: 1062, SQLState: 23000
2022-04-05 00:12:53 ERRORSqlExceptionHelper::logExceptions::142 - Duplicate entry '5678' for key 'profesor.PRIMARY'
2022-04-05 00:12:53  INFOAbstractBatchImpl::release::208 - HHH000010: On release of batch it still contained JDBC statements
2022-04-05 00:12:53 ERRORInserciones::insertarProfesor::103 - ERROR AL INSERTAR PROFESOR
2022-04-05 00:12:53  INFOInserciones::insertarProfesor::97 - INSERTANDO PROFESOR
2022-04-05 00:12:53  WARNSqlExceptionHelper::logExceptions::137 - SQL Error: 1062, SQLState: 23000
2022-04-05 00:12:53 ERRORSqlExceptionHelper::logExceptions::142 - Duplicate entry '6789' for key 'profesor.PRIMARY'
2022-04-05 00:12:53  INFOAbstractBatchImpl::release::208 - HHH000010: On release of batch it still contained JDBC statements
2022-04-05 00:12:53 ERRORInserciones::insertarProfesor::103 - ERROR AL INSERTAR PROFESOR
2022-04-05 00:12:53  INFOInserciones::insertarProfesor::97 - INSERTANDO PROFESOR
2022-04-05 00:12:53  WARNSqlExceptionHelper::logExceptions::137 - SQL Error: 1062, SQLState: 23000
2022-04-05 00:12:53 ERRORSqlExceptionHelper::logExceptions::142 - Duplicate entry '7890' for key 'profesor.PRIMARY'
2022-04-05 00:12:53  INFOAbstractBatchImpl::release::208 - HHH000010: On release of batch it still contained JDBC statements
2022-04-05 00:12:53 ERRORInserciones::insertarProfesor::103 - ERROR AL INSERTAR PROFESOR
2022-04-05 00:12:53  INFOInserciones::insertarProfesor::97 - INSERTANDO PROFESOR
2022-04-05 00:12:53  WARNSqlExceptionHelper::logExceptions::137 - SQL Error: 1062, SQLState: 23000
2022-04-05 00:12:53 ERRORSqlExceptionHelper::logExceptions::142 - Duplicate entry '8901' for key 'profesor.PRIMARY'
2022-04-05 00:12:53  INFOAbstractBatchImpl::release::208 - HHH000010: On release of batch it still contained JDBC statements
2022-04-05 00:12:53 ERRORInserciones::insertarProfesor::103 - ERROR AL INSERTAR PROFESOR
2022-04-05 00:12:53  INFOInserciones::insertarProfesor::97 - INSERTANDO PROFESOR
2022-04-05 00:12:53  WARNSqlExceptionHelper::logExceptions::137 - SQL Error: 1062, SQLState: 23000
2022-04-05 00:12:53 ERRORSqlExceptionHelper::logExceptions::142 - Duplicate entry '9012' for key 'profesor.PRIMARY'
2022-04-05 00:12:53  INFOAbstractBatchImpl::release::208 - HHH000010: On release of batch it still contained JDBC statements
2022-04-05 00:12:53 ERRORInserciones::insertarProfesor::103 - ERROR AL INSERTAR PROFESOR
2022-04-05 00:12:53  INFOInserciones::insertarProfesor::97 - INSERTANDO PROFESOR
2022-04-05 00:12:53  WARNSqlExceptionHelper::logExceptions::137 - SQL Error: 1062, SQLState: 23000
2022-04-05 00:12:53 ERRORSqlExceptionHelper::logExceptions::142 - Duplicate entry '0123' for key 'profesor.PRIMARY'
2022-04-05 00:12:53  INFOAbstractBatchImpl::release::208 - HHH000010: On release of batch it still contained JDBC statements
2022-04-05 00:12:53 ERRORInserciones::insertarProfesor::103 - ERROR AL INSERTAR PROFESOR
2022-04-05 00:12:53  INFOInserciones::insertarProyectoInvestigacion::155 - INSERTANDO PROYECTO DE INVESTIGACION
2022-04-05 00:12:53  WARNSqlExceptionHelper::logExceptions::137 - SQL Error: 1062, SQLState: 23000
2022-04-05 00:12:53 ERRORSqlExceptionHelper::logExceptions::142 - Duplicate entry 'PROY1' for key 'proyecto_investigacion.PRIMARY'
2022-04-05 00:12:53  INFOAbstractBatchImpl::release::208 - HHH000010: On release of batch it still contained JDBC statements
2022-04-05 00:12:53 ERRORInserciones::insertarProyectoInvestigacion::161 - ERROR AL INSERTAR PROYECTO DE INVESTIGACION
2022-04-05 00:12:53  INFOInserciones::insertarProyectoInvestigacion::155 - INSERTANDO PROYECTO DE INVESTIGACION
2022-04-05 00:12:53  WARNSqlExceptionHelper::logExceptions::137 - SQL Error: 1062, SQLState: 23000
2022-04-05 00:12:53 ERRORSqlExceptionHelper::logExceptions::142 - Duplicate entry 'PROY2' for key 'proyecto_investigacion.PRIMARY'
2022-04-05 00:12:53  INFOAbstractBatchImpl::release::208 - HHH000010: On release of batch it still contained JDBC statements
2022-04-05 00:12:53 ERRORInserciones::insertarProyectoInvestigacion::161 - ERROR AL INSERTAR PROYECTO DE INVESTIGACION
2022-04-05 00:12:53  INFOInserciones::insertarProyectoInvestigacion::155 - INSERTANDO PROYECTO DE INVESTIGACION
2022-04-05 00:12:53  WARNSqlExceptionHelper::logExceptions::137 - SQL Error: 1062, SQLState: 23000
2022-04-05 00:12:53 ERRORSqlExceptionHelper::logExceptions::142 - Duplicate entry 'PROY3' for key 'proyecto_investigacion.PRIMARY'
2022-04-05 00:12:53  INFOAbstractBatchImpl::release::208 - HHH000010: On release of batch it still contained JDBC statements
2022-04-05 00:12:53 ERRORInserciones::insertarProyectoInvestigacion::161 - ERROR AL INSERTAR PROYECTO DE INVESTIGACION
2022-04-05 00:12:53  INFOInserciones::insertarProfesorProyectoInvestigacion::184 - INSERTANDO PROFESOR DE PROYECTO DE INVESTIGACION
2022-04-05 00:12:53  INFOInserciones::insertarProfesorProyectoInvestigacion::184 - INSERTANDO PROFESOR DE PROYECTO DE INVESTIGACION
2022-04-05 00:12:53  INFOInserciones::insertarProfesorProyectoInvestigacion::184 - INSERTANDO PROFESOR DE PROYECTO DE INVESTIGACION
2022-04-05 00:12:54  INFOInserciones::insertarProfesorProyectoInvestigacion::184 - INSERTANDO PROFESOR DE PROYECTO DE INVESTIGACION
2022-04-05 00:12:54  INFOInserciones::insertarProfesorProyectoInvestigacion::184 - INSERTANDO PROFESOR DE PROYECTO DE INVESTIGACION
2022-04-05 00:12:54  INFOInserciones::insertarProfesorProyectoInvestigacion::184 - INSERTANDO PROFESOR DE PROYECTO DE INVESTIGACION
2022-04-05 00:12:54  INFOInserciones::insertarProfesorProyectoInvestigacion::184 - INSERTANDO PROFESOR DE PROYECTO DE INVESTIGACION
2022-04-05 00:12:54  INFOInserciones::insertarProfesorProyectoInvestigacion::184 - INSERTANDO PROFESOR DE PROYECTO DE INVESTIGACION
2022-04-05 00:12:54  INFOInserciones::insertarProfesorProyectoInvestigacion::184 - INSERTANDO PROFESOR DE PROYECTO DE INVESTIGACION
2022-04-05 00:12:54  INFOInserciones::insertarProfesorProyectoInvestigacion::184 - INSERTANDO PROFESOR DE PROYECTO DE INVESTIGACION
2022-04-05 00:12:54  INFOInserciones::insertarProfesorProyectoInvestigacion::184 - INSERTANDO PROFESOR DE PROYECTO DE INVESTIGACION
2022-04-05 00:12:54  INFOInserciones::insertarProfesorProyectoInvestigacion::184 - INSERTANDO PROFESOR DE PROYECTO DE INVESTIGACION
2022-04-05 00:12:54  INFOInserciones::insertarProfesorProyectoInvestigacion::184 - INSERTANDO PROFESOR DE PROYECTO DE INVESTIGACION
2022-04-05 00:12:54  INFOInserciones::insertarProfesorProyectoInvestigacion::184 - INSERTANDO PROFESOR DE PROYECTO DE INVESTIGACION
2022-04-05 00:12:54  INFOInserciones::insertarProfesorProyectoInvestigacion::184 - INSERTANDO PROFESOR DE PROYECTO DE INVESTIGACION
2022-04-05 00:12:54  INFOInserciones::insertarProfesorProyectoInvestigacion::184 - INSERTANDO PROFESOR DE PROYECTO DE INVESTIGACION
2022-04-05 00:12:54  INFOInserciones::insertarProfesorProyectoInvestigacion::184 - INSERTANDO PROFESOR DE PROYECTO DE INVESTIGACION
2022-04-05 00:12:54  INFOInserciones::insertarProfesorProyectoInvestigacion::184 - INSERTANDO PROFESOR DE PROYECTO DE INVESTIGACION
2022-04-05 00:12:54  INFOInserciones::insertarProfesorProyectoInvestigacion::184 - INSERTANDO PROFESOR DE PROYECTO DE INVESTIGACION
2022-04-05 00:12:54  INFOInserciones::insertarProfesorProyectoInvestigacion::184 - INSERTANDO PROFESOR DE PROYECTO DE INVESTIGACION
2022-04-05 00:12:54  INFOpooling::stop::502 - HHH10001008: Cleaning up connection pool [jdbc:mysql://localhost:3306/productos_profesor_web_phe]
