2022-04-11 11:04:19  INFOSelecciones::consultarProfesores::63 - SELECCIONANDO LAS LICENCIATURAS
2022-04-11 11:04:32  INFOSelecciones::consultarNumerosDeProyecto::188 - SELECCIONANDO NUMEROS DE PROYECTO
2022-04-11 11:04:38  INFOSelecciones::consultarProfesorDeProyecto::117 - SELECCIONANDO LOS PROFESORES DEL PROYECTO: 2
2022-04-11 11:04:45  INFOSelecciones::consultarRolesDeProyecto::205 - SELECCIONANDO ROLES DE PROYECTOS
2022-04-11 11:04:50  INFOSelecciones::consultarRolesEnProyectos::154 - SELECCIONANDO LOS PROFESORES QUE CUMPLEN EL ROL DE : RESPONSABLE
2022-04-11 11:07:47  INFOSelecciones::consultarProfesores::63 - SELECCIONANDO LAS LICENCIATURAS
2022-04-11 11:07:58  INFOSelecciones::consultarNumerosDeProyecto::188 - SELECCIONANDO NUMEROS DE PROYECTO
2022-04-11 11:08:05  INFOSelecciones::consultarProfesorDeProyecto::117 - SELECCIONANDO LOS PROFESORES DEL PROYECTO: 4
2022-04-11 11:08:11  INFOSelecciones::consultarRolesDeProyecto::205 - SELECCIONANDO ROLES DE PROYECTOS
2022-04-11 11:08:16  INFOSelecciones::consultarRolesEnProyectos::154 - SELECCIONANDO LOS PROFESORES QUE CUMPLEN EL ROL DE : RESPONSABLE
2022-04-11 11:08:22  INFOSelecciones::consultarRolesDeProyecto::205 - SELECCIONANDO ROLES DE PROYECTOS
2022-04-11 11:08:24  INFOSelecciones::consultarRolesEnProyectos::154 - SELECCIONANDO LOS PROFESORES QUE CUMPLEN EL ROL DE : PARTICIPANTE
2022-04-11 11:35:34  INFOSelecciones::consultarProfesores::63 - SELECCIONANDO LAS LICENCIATURAS
2022-04-11 11:35:48  INFOSelecciones::consultarNumerosDeProyecto::188 - SELECCIONANDO NUMEROS DE PROYECTO
2022-04-11 11:35:53  INFOSelecciones::consultarProfesorDeProyecto::117 - SELECCIONANDO LOS PROFESORES DEL PROYECTO: 2
2022-04-11 11:35:56  INFOSelecciones::consultarNumerosDeProyecto::188 - SELECCIONANDO NUMEROS DE PROYECTO
2022-04-11 11:36:00  INFOSelecciones::consultarProfesorDeProyecto::117 - SELECCIONANDO LOS PROFESORES DEL PROYECTO: 10
2022-04-11 11:36:05  INFOSelecciones::consultarRolesDeProyecto::205 - SELECCIONANDO ROLES DE PROYECTOS
2022-04-11 11:36:10  INFOSelecciones::consultarRolesEnProyectos::154 - SELECCIONANDO LOS PROFESORES QUE CUMPLEN EL ROL DE : RESPONSABLE
2022-04-11 11:36:16  INFOSelecciones::consultarRolesDeProyecto::205 - SELECCIONANDO ROLES DE PROYECTOS
2022-04-11 11:36:17  INFOSelecciones::consultarRolesEnProyectos::154 - SELECCIONANDO LOS PROFESORES QUE CUMPLEN EL ROL DE : PARTICIPANTE
